<?xml version="1.0" encoding="utf-8"?><testsuites name="pytest tests"><testsuite name="pytest" errors="0" failures="0" skipped="0" tests="15" time="2.459" timestamp="2026-07-12T10:36:50.760290+00:00" hostname="agent-env-4916847c-9ba6-4e35-b640-815ca72d3104"><testcase classname="backend.tests.test_europadrop_features.TestHealthDeepSeek" name="test_health_deepseek_configured" time="0.289" /><testcase classname="backend.tests.test_europadrop_features.TestProductSyncStatus" name="test_products_stats" time="0.337" /><testcase classname="backend.tests.test_europadrop_features.TestProductSyncStatus" name="test_products_have_woo_fields" time="0.038" /><testcase classname="backend.tests.test_europadrop_features.TestProductSyncStatus" name="test_filter_imported" time="0.053" /><testcase classname="backend.tests.test_europadrop_features.TestProductSyncStatus" name="test_filter_published" time="0.142" /><testcase classname="backend.tests.test_europadrop_features.TestOrderPayment" name="test_orders_have_payment_fields_or_are_updatable" time="0.035" /><testcase classname="backend.tests.test_europadrop_features.TestOrderPayment" name="test_update_payment_and_persist" time="0.109" /><testcase classname="backend.tests.test_europadrop_features.TestWooWebhook" name="test_webhook_info" time="0.037" /><testcase classname="backend.tests.test_europadrop_features.TestWooWebhook" name="test_webhook_receive_creates_order" time="0.669" /><testcase classname="backend.tests.test_europadrop_features.TestScheduler" name="test_scheduler_status" time="0.052" /><testcase classname="backend.tests.test_europadrop_features.TestScheduler" name="test_scheduler_run_now_unknown" time="0.045" /><testcase classname="backend.tests.test_europadrop_features.TestScheduler" name="test_scheduler_history" time="0.049" /><testcase classname="backend.tests.test_europadrop_features.TestDeepSeekAI" name="test_ai_translate_reaches_deepseek" time="0.218" /><testcase classname="backend.tests.test_europadrop_features.TestDeepSeekAI" name="test_ai_seo" time="0.175" /><testcase classname="backend.tests.test_europadrop_features.TestDeepSeekAI" name="test_ai_smart_mapping" time="0.166" /></testsuite></testsuites>