<?xml version="1.0" encoding="utf-8"?><testsuites name="pytest tests"><testsuite name="pytest" errors="0" failures="0" skipped="0" tests="17" time="2.877" timestamp="2026-07-12T14:26:05.710587+00:00" hostname="agent-env-34a21443-7045-49eb-9b3a-7b65615b5f87"><testcase classname="backend.tests.test_v14_analytics_bulk_isolation.TestAdminLogin" name="test_login_returns_token_and_admin_role" time="0.378" /><testcase classname="backend.tests.test_v14_analytics_bulk_isolation.TestStoreAnalytics" name="test_store_analytics_shape" time="0.105" /><testcase classname="backend.tests.test_v14_analytics_bulk_isolation.TestStoreAnalytics" name="test_unattributed_bucket_present_when_orders_without_store" time="0.055" /><testcase classname="backend.tests.test_v14_analytics_bulk_isolation.TestSettings" name="test_get_defaults" time="0.051" /><testcase classname="backend.tests.test_v14_analytics_bulk_isolation.TestSettings" name="test_put_and_persist" time="0.153" /><testcase classname="backend.tests.test_v14_analytics_bulk_isolation.TestBulkAI" name="test_bulk_ai_empty_key_degrades_gracefully" time="0.101" /><testcase classname="backend.tests.test_v14_analytics_bulk_isolation.TestBulkPublish" name="test_bulk_publish_returns_summary_no_crash" time="0.304" /><testcase classname="backend.tests.test_v14_analytics_bulk_isolation.TestCSVExport" name="test_export_products_csv" time="0.059" /><testcase classname="backend.tests.test_v14_analytics_bulk_isolation.TestCSVExport" name="test_export_orders_csv" time="0.049" /><testcase classname="backend.tests.test_v14_analytics_bulk_isolation.TestCompetitorPrices" name="test_create_and_alert" time="0.105" /><testcase classname="backend.tests.test_v14_analytics_bulk_isolation.TestCompetitorPrices" name="test_list_shows_alert" time="0.053" /><testcase classname="backend.tests.test_v14_analytics_bulk_isolation.TestCompetitorPrices" name="test_delete" time="0.051" /><testcase classname="backend.tests.test_v14_analytics_bulk_isolation.TestIsolation" name="test_operator_sees_no_admin_seed_products" time="0.596" /><testcase classname="backend.tests.test_v14_analytics_bulk_isolation.TestIsolation" name="test_operator_sees_no_admin_seed_orders" time="0.053" /><testcase classname="backend.tests.test_v14_analytics_bulk_isolation.TestIsolation" name="test_operator_sees_no_admin_seed_stores" time="0.048" /><testcase classname="backend.tests.test_v14_analytics_bulk_isolation.TestIsolation" name="test_admin_sees_seeded_data" time="0.097" /><testcase classname="backend.tests.test_v14_analytics_bulk_isolation.TestIsolation" name="test_operator_creates_own_store_and_product_only_visible_to_self" time="0.593" /></testsuite></testsuites>