<?xml version="1.0" encoding="utf-8"?><testsuites name="pytest tests"><testsuite name="pytest" errors="0" failures="1" skipped="0" tests="25" time="2.967" timestamp="2026-07-12T10:37:14.539489+00:00" hostname="agent-env-4916847c-9ba6-4e35-b640-815ca72d3104"><testcase classname="backend.tests.backend_test.TestHealth" name="test_health_ok" time="0.122" /><testcase classname="backend.tests.backend_test.TestAuth" name="test_login_success" time="0.311" /><testcase classname="backend.tests.backend_test.TestAuth" name="test_login_wrong_password" time="0.343" /><testcase classname="backend.tests.backend_test.TestAuth" name="test_me" time="0.316" /><testcase classname="backend.tests.backend_test.TestAuth" name="test_me_no_token" time="0.078" /><testcase classname="backend.tests.backend_test.TestSuppliers" name="test_list" time="0.029" /><testcase classname="backend.tests.backend_test.TestSuppliers" name="test_crud" time="0.117" /><testcase classname="backend.tests.backend_test.TestProducts" name="test_list_products" time="0.029" /><testcase classname="backend.tests.backend_test.TestProducts" name="test_filter_by_category" time="0.026" /><testcase classname="backend.tests.backend_test.TestProducts" name="test_search_q" time="0.027" /><testcase classname="backend.tests.backend_test.TestProducts" name="test_get_product_detail_with_suppliers" time="0.066" /><testcase classname="backend.tests.backend_test.TestSupplierProducts" name="test_list" time="0.032" /><testcase classname="backend.tests.backend_test.TestSupplierProducts" name="test_best_supplier_strategies" time="0.127" /><testcase classname="backend.tests.backend_test.TestPricingRules" name="test_list_and_default" time="0.031" /><testcase classname="backend.tests.backend_test.TestPricingRules" name="test_crud_and_apply_all" time="0.120" /><testcase classname="backend.tests.backend_test.TestCatalogImport" name="test_preview_and_import" time="0.243" /><testcase classname="backend.tests.backend_test.TestOrders" name="test_list" time="0.082" /><testcase classname="backend.tests.backend_test.TestOrders" name="test_filter_status" time="0.031" /><testcase classname="backend.tests.backend_test.TestOrders" name="test_bulk_fulfill_and_tracking" time="0.028"><failure message="assert 0 &gt;= 1&#10; +  where 0 = len([])">backend/tests/backend_test.py:239: in test_bulk_fulfill_and_tracking
    assert len(pending) &gt;= 1
E   assert 0 &gt;= 1
E    +  where 0 = len([])</failure></testcase><testcase classname="backend.tests.backend_test.TestWooCommerce" name="test_status" time="0.333" /><testcase classname="backend.tests.backend_test.TestWooCommerce" name="test_sync_product" time="0.259" /><testcase classname="backend.tests.backend_test.TestNotifications" name="test_list" time="0.029" /><testcase classname="backend.tests.backend_test.TestNotifications" name="test_mark_read_and_all" time="0.082" /><testcase classname="backend.tests.backend_test.TestDashboard" name="test_overview" time="0.030" /><testcase classname="backend.tests.backend_test.TestDashboard" name="test_supplier_performance" time="0.031" /></testsuite></testsuites>