<?xml version="1.0" encoding="utf-8"?><testsuites name="pytest tests"><testsuite name="pytest" errors="0" failures="0" skipped="0" tests="21" time="3.912" timestamp="2026-07-12T12:31:36.159270+00:00" hostname="agent-env-4916847c-9ba6-4e35-b640-815ca72d3104"><testcase classname="backend.tests.test_v13_multi_store_users.TestApiDocs" name="test_docs_html_200" time="0.541" /><testcase classname="backend.tests.test_v13_multi_store_users.TestApiDocs" name="test_openapi_json_200" time="0.154" /><testcase classname="backend.tests.test_v13_multi_store_users.TestN8nInfo" name="test_returns_absolute_urls" time="1.295" /><testcase classname="backend.tests.test_v13_multi_store_users.TestWooStatus" name="test_status_shape" time="0.357" /><testcase classname="backend.tests.test_v13_multi_store_users.TestStoresCRUD" name="test_list_stores_returns_flag" time="0.042" /><testcase classname="backend.tests.test_v13_multi_store_users.TestStoresCRUD" name="test_create_store_dummy_saves_with_warning" time="0.094" /><testcase classname="backend.tests.test_v13_multi_store_users.TestStoresCRUD" name="test_list_never_exposes_secret" time="0.028" /><testcase classname="backend.tests.test_v13_multi_store_users.TestStoresCRUD" name="test_update_store" time="0.068" /><testcase classname="backend.tests.test_v13_multi_store_users.TestStoresCRUD" name="test_store_test_connection_endpoint" time="0.059" /><testcase classname="backend.tests.test_v13_multi_store_users.TestStoresCRUD" name="test_delete_store" time="0.058" /><testcase classname="backend.tests.test_v13_multi_store_users.TestUsersCRUD" name="test_list_users_admin_ok" time="0.032" /><testcase classname="backend.tests.test_v13_multi_store_users.TestUsersCRUD" name="test_create_operator" time="0.274" /><testcase classname="backend.tests.test_v13_multi_store_users.TestUsersCRUD" name="test_invalid_role_rejected" time="0.052" /><testcase classname="backend.tests.test_v13_multi_store_users.TestUsersCRUD" name="test_update_user_role_by_admin" time="0.038" /><testcase classname="backend.tests.test_v13_multi_store_users.TestUsersCRUD" name="test_admin_cannot_delete_self" time="0.074" /><testcase classname="backend.tests.test_v13_multi_store_users.TestUsersCRUD" name="test_delete_test_user" time="0.031" /><testcase classname="backend.tests.test_v13_multi_store_users.TestOperatorRBAC" name="test_operator_login_returns_role" time="0.370" /><testcase classname="backend.tests.test_v13_multi_store_users.TestOperatorRBAC" name="test_operator_cannot_list_users" time="0.110" /><testcase classname="backend.tests.test_v13_multi_store_users.TestOperatorRBAC" name="test_operator_cannot_create_users" time="0.031" /><testcase classname="backend.tests.test_v13_multi_store_users.TestOperatorRBAC" name="test_operator_can_read_products" time="0.035" /><testcase classname="backend.tests.test_v13_multi_store_users.TestOperatorRBAC" name="test_operator_cannot_change_own_role" time="0.115" /></testsuite></testsuites>