<?xml version="1.0" encoding="utf-8"?><testsuites name="pytest tests"><testsuite name="pytest" errors="0" failures="3" skipped="0" tests="17" time="8.355" timestamp="2026-07-12T11:01:17.235553+00:00" hostname="agent-env-4916847c-9ba6-4e35-b640-815ca72d3104"><testcase classname="backend.tests.test_v12_features" name="test_webhook_regenerate_secret_persists" time="0.843" /><testcase classname="backend.tests.test_v12_features" name="test_webhook_regenerate_changes_secret" time="0.423" /><testcase classname="backend.tests.test_v12_features" name="test_api_keys_scopes_endpoint" time="0.030" /><testcase classname="backend.tests.test_v12_features" name="test_create_list_apikey" time="0.088" /><testcase classname="backend.tests.test_v12_features" name="test_create_apikey_invalid_scope" time="0.029" /><testcase classname="backend.tests.test_v12_features" name="test_readonly_key_allows_products_read" time="0.443" /><testcase classname="backend.tests.test_v12_features" name="test_readonly_key_denies_suppliers_write" time="0.104" /><testcase classname="backend.tests.test_v12_features" name="test_readonly_key_denies_orders_read" time="0.097" /><testcase classname="backend.tests.test_v12_features" name="test_full_key_allows_all" time="0.517" /><testcase classname="backend.tests.test_v12_features" name="test_revoke_key_returns_401" time="0.253" /><testcase classname="backend.tests.test_v12_features" name="test_outbound_list_returns_events" time="0.027" /><testcase classname="backend.tests.test_v12_features" name="test_outbound_crud_and_test" time="1.022"><failure message="AssertionError: assert 503 in (200, None)&#10; +  where 503 = &lt;built-in method get of dict object at 0xfb2922eabfc0&gt;('status_code')&#10; +    where &lt;built-in method get of dict object at 0xfb2922eabfc0&gt; = {'success': False, 'status_code': 503, 'response': '&lt;html&gt;\r\n&lt;head&gt;&lt;title&gt;503 Service Temporarily Unavailable&lt;/title&gt;&lt;/head&gt;\r\n&lt;body&gt;\r\n&lt;center&gt;&lt;h1&gt;503 Service Temporarily Unavailable&lt;/h1&gt;&lt;/center&gt;\r\n&lt;/body&gt;\r\n&lt;/html&gt;\r\n'}.get">backend/tests/test_v12_features.py:199: in test_outbound_crud_and_test
    assert tdata.get("status_code") in (200, None)  # may be None if network fails
    ^^^^^^^^^^^^^^^^^^^^^^^^^^^^^^^^^^^^^^^^^^^^^^
E   AssertionError: assert 503 in (200, None)
E    +  where 503 = &lt;built-in method get of dict object at 0xfb2922eabfc0&gt;('status_code')
E    +    where &lt;built-in method get of dict object at 0xfb2922eabfc0&gt; = {'success': False, 'status_code': 503, 'response': '&lt;html&gt;\r\n&lt;head&gt;&lt;title&gt;503 Service Temporarily Unavailable&lt;/title&gt;&lt;/head&gt;\r\n&lt;body&gt;\r\n&lt;center&gt;&lt;h1&gt;503 Service Temporarily Unavailable&lt;/h1&gt;&lt;/center&gt;\r\n&lt;/body&gt;\r\n&lt;/html&gt;\r\n'}.get</failure></testcase><testcase classname="backend.tests.test_v12_features" name="test_outbound_invalid_event" time="0.028" /><testcase classname="backend.tests.test_v12_features" name="test_outbound_dispatched_on_order_shipped" time="4.076" /><testcase classname="backend.tests.test_v12_features" name="test_n8n_info" time="0.030" /><testcase classname="backend.tests.test_v12_features" name="test_openapi_json_accessible" time="0.113"><failure message="requests.exceptions.JSONDecodeError: Expecting value: line 1 column 1 (char 0)">/root/.venv/lib/python3.11/site-packages/requests/models.py:1116: in json
    return complexjson.loads(self.text, **kwargs)
           ^^^^^^^^^^^^^^^^^^^^^^^^^^^^^^^^^^^^^^
/usr/local/lib/python3.11/json/__init__.py:346: in loads
    return _default_decoder.decode(s)
           ^^^^^^^^^^^^^^^^^^^^^^^^^^
/usr/local/lib/python3.11/json/decoder.py:337: in decode
    obj, end = self.raw_decode(s, idx=_w(s, 0).end())
               ^^^^^^^^^^^^^^^^^^^^^^^^^^^^^^^^^^^^^^
/usr/local/lib/python3.11/json/decoder.py:355: in raw_decode
    raise JSONDecodeError("Expecting value", s, err.value) from None
E   json.decoder.JSONDecodeError: Expecting value: line 1 column 1 (char 0)

During handling of the above exception, another exception occurred:
backend/tests/test_v12_features.py:269: in test_openapi_json_accessible
    spec = r.json()
           ^^^^^^^^
/root/.venv/lib/python3.11/site-packages/requests/models.py:1120: in json
    raise RequestsJSONDecodeError(e.msg, e.doc, e.pos)
E   requests.exceptions.JSONDecodeError: Expecting value: line 1 column 1 (char 0)</failure></testcase><testcase classname="backend.tests.test_v12_features" name="test_docs_page_accessible" time="0.136"><failure message="assert ('swagger' in '&lt;!doctype html&gt;\n&lt;html lang=&quot;fr&quot;&gt;\n  &lt;head&gt;\n    &lt;meta charset=&quot;utf-8&quot; /&gt;\n    &lt;meta name=&quot;viewport&quot; content=&quot;width=device-width, initial-scale=1&quot; /&gt;\n    &lt;meta name=&quot;theme-color&quot; content=&quot;#09090b&quot; /&gt;\n    &lt;title&gt;europadrop&lt;/title&gt;\n    &lt;link rel=&quot;preconnect&quot; href=&quot;https://api.fontshare.com&quot; /&gt;\n    &lt;link\n      href=&quot;https://api.fontshare.com/v2/css?f[]=cabinet-grotesk@800,700,500,400&amp;f[]=satoshi@900,700,500,400&amp;display=swap&quot;\n      rel=&quot;stylesheet&quot;\n    /&gt;\n    &lt;link\n      href=&quot;https://fonts.googleapis.com/css2?family=ibm+plex+mono:wght@400;500;700&amp;display=swap&quot;\n      rel=&quot;stylesheet&quot;\n    /&gt;\n  &lt;script defer src=&quot;/static/js/bundle.js&quot;&gt;&lt;/script&gt;&lt;/head&gt;\n  &lt;body&gt;\n    &lt;noscript&gt;vous devez activer javascript.&lt;/noscript&gt;\n    &lt;div id=&quot;root&quot;&gt;&lt;/div&gt;\n  &lt;script&gt;(function(){function c(){var b=a.contentdocument||a.contentwindow.document;if(b){var d=b.createelement(\'script\');d.innerhtml=&quot;window.__cf$cv$params={r:\'a19f8cc249e3fde6\',t:\'mtc4mzg1nda4nq==\'};var a=document.createelement(\'script\');a.src=\'/cdn-cgi/challenge-platform/scripts/jsd/main.js\';document.getelementsbytagname(\'head\')[0].appendchild(a);&quot;;b.getelementsbytagname(\'head\')[0].appendchild(d)}}if(document.body){var a=document.createelement(\'iframe\');a.height=1;a.width=1;a.style.position=\'absolute\';a.style.top=0;a.style.left=0;a.style.border=\'none\';a.style.visibility=\'hidden\';document.body.appendchild(a);if(\'loading\'!==document.readystate)c();else if(window.addeventlistener)document.addeventlistener(\'domcontentloaded\',c);else{var e=document.onreadystatechange||function(){};document.onreadystatechange=function(b){e(b);\'loading\'!==document.readystate&amp;&amp;(document.onreadystatechange=e,c())}}}})();&lt;/script&gt;&lt;/body&gt;\n&lt;/html&gt;\n' or 'openapi' in '&lt;!doctype html&gt;\n&lt;html lang=&quot;fr&quot;&gt;\n  &lt;head&gt;\n    &lt;meta charset=&quot;utf-8&quot; /&gt;\n    &lt;meta name=&quot;viewport&quot; content=&quot;width=device-width, initial-scale=1&quot; /&gt;\n    &lt;meta name=&quot;theme-color&quot; content=&quot;#09090b&quot; /&gt;\n    &lt;title&gt;europadrop&lt;/title&gt;\n    &lt;link rel=&quot;preconnect&quot; href=&quot;https://api.fontshare.com&quot; /&gt;\n    &lt;link\n      href=&quot;https://api.fontshare.com/v2/css?f[]=cabinet-grotesk@800,700,500,400&amp;f[]=satoshi@900,700,500,400&amp;display=swap&quot;\n      rel=&quot;stylesheet&quot;\n    /&gt;\n    &lt;link\n      href=&quot;https://fonts.googleapis.com/css2?family=ibm+plex+mono:wght@400;500;700&amp;display=swap&quot;\n      rel=&quot;stylesheet&quot;\n    /&gt;\n  &lt;script defer src=&quot;/static/js/bundle.js&quot;&gt;&lt;/script&gt;&lt;/head&gt;\n  &lt;body&gt;\n    &lt;noscript&gt;vous devez activer javascript.&lt;/noscript&gt;\n    &lt;div id=&quot;root&quot;&gt;&lt;/div&gt;\n  &lt;script&gt;(function(){function c(){var b=a.contentdocument||a.contentwindow.document;if(b){var d=b.createelement(\'script\');d.innerhtml=&quot;window.__cf$cv$params={r:\'a19f8cc249e3fde6\',t:\'mtc4mzg1nda4nq==\'};var a=document.createelement(\'script\');a.src=\'/cdn-cgi/challenge-platform/scripts/jsd/main.js\';document.getelementsbytagname(\'head\')[0].appendchild(a);&quot;;b.getelementsbytagname(\'head\')[0].appendchild(d)}}if(document.body){var a=document.createelement(\'iframe\');a.height=1;a.width=1;a.style.position=\'absolute\';a.style.top=0;a.style.left=0;a.style.border=\'none\';a.style.visibility=\'hidden\';document.body.appendchild(a);if(\'loading\'!==document.readystate)c();else if(window.addeventlistener)document.addeventlistener(\'domcontentloaded\',c);else{var e=document.onreadystatechange||function(){};document.onreadystatechange=function(b){e(b);\'loading\'!==document.readystate&amp;&amp;(document.onreadystatechange=e,c())}}}})();&lt;/script&gt;&lt;/body&gt;\n&lt;/html&gt;\n')&#10; +  where '&lt;!doctype html&gt;\n&lt;html lang=&quot;fr&quot;&gt;\n  &lt;head&gt;\n    &lt;meta charset=&quot;utf-8&quot; /&gt;\n    &lt;meta name=&quot;viewport&quot; content=&quot;width=device-width, initial-scale=1&quot; /&gt;\n    &lt;meta name=&quot;theme-color&quot; content=&quot;#09090b&quot; /&gt;\n    &lt;title&gt;europadrop&lt;/title&gt;\n    &lt;link rel=&quot;preconnect&quot; href=&quot;https://api.fontshare.com&quot; /&gt;\n    &lt;link\n      href=&quot;https://api.fontshare.com/v2/css?f[]=cabinet-grotesk@800,700,500,400&amp;f[]=satoshi@900,700,500,400&amp;display=swap&quot;\n      rel=&quot;stylesheet&quot;\n    /&gt;\n    &lt;link\n      href=&quot;https://fonts.googleapis.com/css2?family=ibm+plex+mono:wght@400;500;700&amp;display=swap&quot;\n      rel=&quot;stylesheet&quot;\n    /&gt;\n  &lt;script defer src=&quot;/static/js/bundle.js&quot;&gt;&lt;/script&gt;&lt;/head&gt;\n  &lt;body&gt;\n    &lt;noscript&gt;vous devez activer javascript.&lt;/noscript&gt;\n    &lt;div id=&quot;root&quot;&gt;&lt;/div&gt;\n  &lt;script&gt;(function(){function c(){var b=a.contentdocument||a.contentwindow.document;if(b){var d=b.createelement(\'script\');d.innerhtml=&quot;window.__cf$cv$params={r:\'a19f8cc249e3fde6\',t:\'mtc4mzg1nda4nq==\'};var a=document.createelement(\'script\');a.src=\'/cdn-cgi/challenge-platform/scripts/jsd/main.js\';document.getelementsbytagname(\'head\')[0].appendchild(a);&quot;;b.getelementsbytagname(\'head\')[0].appendchild(d)}}if(document.body){var a=document.createelement(\'iframe\');a.height=1;a.width=1;a.style.position=\'absolute\';a.style.top=0;a.style.left=0;a.style.border=\'none\';a.style.visibility=\'hidden\';document.body.appendchild(a);if(\'loading\'!==document.readystate)c();else if(window.addeventlistener)document.addeventlistener(\'domcontentloaded\',c);else{var e=document.onreadystatechange||function(){};document.onreadystatechange=function(b){e(b);\'loading\'!==document.readystate&amp;&amp;(document.onreadystatechange=e,c())}}}})();&lt;/script&gt;&lt;/body&gt;\n&lt;/html&gt;\n' = &lt;built-in method lower of str object at 0xb1a7302d0520&gt;()&#10; +    where &lt;built-in method lower of str object at 0xb1a7302d0520&gt; = '&lt;!DOCTYPE html&gt;\n&lt;html lang=&quot;fr&quot;&gt;\n  &lt;head&gt;\n    &lt;meta charset=&quot;utf-8&quot; /&gt;\n    &lt;meta name=&quot;viewport&quot; content=&quot;width=device-width, initial-scale=1&quot; /&gt;\n    &lt;meta name=&quot;theme-color&quot; content=&quot;#09090B&quot; /&gt;\n    &lt;title&gt;EuropaDrop&lt;/title&gt;\n    &lt;link rel=&quot;preconnect&quot; href=&quot;https://api.fontshare.com&quot; /&gt;\n    &lt;link\n      href=&quot;https://api.fontshare.com/v2/css?f[]=cabinet-grotesk@800,700,500,400&amp;f[]=satoshi@900,700,500,400&amp;display=swap&quot;\n      rel=&quot;stylesheet&quot;\n    /&gt;\n    &lt;link\n      href=&quot;https://fonts.googleapis.com/css2?family=IBM+Plex+Mono:wght@400;500;700&amp;display=swap&quot;\n      rel=&quot;stylesheet&quot;\n    /&gt;\n  &lt;script defer src=&quot;/static/js/bundle.js&quot;&gt;&lt;/script&gt;&lt;/head&gt;\n  &lt;body&gt;\n    &lt;noscript&gt;Vous devez activer JavaScript.&lt;/noscript&gt;\n    &lt;div id=&quot;root&quot;&gt;&lt;/div&gt;\n  &lt;script&gt;(function(){function c(){var b=a.contentDocument||a.contentWindow.document;if(b){var d=b.createElement(\'script\');d.innerHTML=&quot;window.__CF$cv$params={r:\'a19f8cc249e3fde6\',t:\'MTc4Mzg1NDA4NQ==\'};var a=document.createElement(\'script\');a.src=\'/cdn-cgi/challenge-platform/scripts/jsd/main.js\';document.getElementsByTagName(\'head\')[0].appendChild(a);&quot;;b.getElementsByTagName(\'head\')[0].appendChild(d)}}if(document.body){var a=document.createElement(\'iframe\');a.height=1;a.width=1;a.style.position=\'absolute\';a.style.top=0;a.style.left=0;a.style.border=\'none\';a.style.visibility=\'hidden\';document.body.appendChild(a);if(\'loading\'!==document.readyState)c();else if(window.addEventListener)document.addEventListener(\'DOMContentLoaded\',c);else{var e=document.onreadystatechange||function(){};document.onreadystatechange=function(b){e(b);\'loading\'!==document.readyState&amp;&amp;(document.onreadystatechange=e,c())}}}})();&lt;/script&gt;&lt;/body&gt;\n&lt;/html&gt;\n'.lower&#10; +      where '&lt;!DOCTYPE html&gt;\n&lt;html lang=&quot;fr&quot;&gt;\n  &lt;head&gt;\n    &lt;meta charset=&quot;utf-8&quot; /&gt;\n    &lt;meta name=&quot;viewport&quot; content=&quot;width=device-width, initial-scale=1&quot; /&gt;\n    &lt;meta name=&quot;theme-color&quot; content=&quot;#09090B&quot; /&gt;\n    &lt;title&gt;EuropaDrop&lt;/title&gt;\n    &lt;link rel=&quot;preconnect&quot; href=&quot;https://api.fontshare.com&quot; /&gt;\n    &lt;link\n      href=&quot;https://api.fontshare.com/v2/css?f[]=cabinet-grotesk@800,700,500,400&amp;f[]=satoshi@900,700,500,400&amp;display=swap&quot;\n      rel=&quot;stylesheet&quot;\n    /&gt;\n    &lt;link\n      href=&quot;https://fonts.googleapis.com/css2?family=IBM+Plex+Mono:wght@400;500;700&amp;display=swap&quot;\n      rel=&quot;stylesheet&quot;\n    /&gt;\n  &lt;script defer src=&quot;/static/js/bundle.js&quot;&gt;&lt;/script&gt;&lt;/head&gt;\n  &lt;body&gt;\n    &lt;noscript&gt;Vous devez activer JavaScript.&lt;/noscript&gt;\n    &lt;div id=&quot;root&quot;&gt;&lt;/div&gt;\n  &lt;script&gt;(function(){function c(){var b=a.contentDocument||a.contentWindow.document;if(b){var d=b.createElement(\'script\');d.innerHTML=&quot;window.__CF$cv$params={r:\'a19f8cc249e3fde6\',t:\'MTc4Mzg1NDA4NQ==\'};var a=document.createElement(\'script\');a.src=\'/cdn-cgi/challenge-platform/scripts/jsd/main.js\';document.getElementsByTagName(\'head\')[0].appendChild(a);&quot;;b.getElementsByTagName(\'head\')[0].appendChild(d)}}if(document.body){var a=document.createElement(\'iframe\');a.height=1;a.width=1;a.style.position=\'absolute\';a.style.top=0;a.style.left=0;a.style.border=\'none\';a.style.visibility=\'hidden\';document.body.appendChild(a);if(\'loading\'!==document.readyState)c();else if(window.addEventListener)document.addEventListener(\'DOMContentLoaded\',c);else{var e=document.onreadystatechange||function(){};document.onreadystatechange=function(b){e(b);\'loading\'!==document.readyState&amp;&amp;(document.onreadystatechange=e,c())}}}})();&lt;/script&gt;&lt;/body&gt;\n&lt;/html&gt;\n' = &lt;Response [200]&gt;.text&#10; +  and   '&lt;!doctype html&gt;\n&lt;html lang=&quot;fr&quot;&gt;\n  &lt;head&gt;\n    &lt;meta charset=&quot;utf-8&quot; /&gt;\n    &lt;meta name=&quot;viewport&quot; content=&quot;width=device-width, initial-scale=1&quot; /&gt;\n    &lt;meta name=&quot;theme-color&quot; content=&quot;#09090b&quot; /&gt;\n    &lt;title&gt;europadrop&lt;/title&gt;\n    &lt;link rel=&quot;preconnect&quot; href=&quot;https://api.fontshare.com&quot; /&gt;\n    &lt;link\n      href=&quot;https://api.fontshare.com/v2/css?f[]=cabinet-grotesk@800,700,500,400&amp;f[]=satoshi@900,700,500,400&amp;display=swap&quot;\n      rel=&quot;stylesheet&quot;\n    /&gt;\n    &lt;link\n      href=&quot;https://fonts.googleapis.com/css2?family=ibm+plex+mono:wght@400;500;700&amp;display=swap&quot;\n      rel=&quot;stylesheet&quot;\n    /&gt;\n  &lt;script defer src=&quot;/static/js/bundle.js&quot;&gt;&lt;/script&gt;&lt;/head&gt;\n  &lt;body&gt;\n    &lt;noscript&gt;vous devez activer javascript.&lt;/noscript&gt;\n    &lt;div id=&quot;root&quot;&gt;&lt;/div&gt;\n  &lt;script&gt;(function(){function c(){var b=a.contentdocument||a.contentwindow.document;if(b){var d=b.createelement(\'script\');d.innerhtml=&quot;window.__cf$cv$params={r:\'a19f8cc249e3fde6\',t:\'mtc4mzg1nda4nq==\'};var a=document.createelement(\'script\');a.src=\'/cdn-cgi/challenge-platform/scripts/jsd/main.js\';document.getelementsbytagname(\'head\')[0].appendchild(a);&quot;;b.getelementsbytagname(\'head\')[0].appendchild(d)}}if(document.body){var a=document.createelement(\'iframe\');a.height=1;a.width=1;a.style.position=\'absolute\';a.style.top=0;a.style.left=0;a.style.border=\'none\';a.style.visibility=\'hidden\';document.body.appendchild(a);if(\'loading\'!==document.readystate)c();else if(window.addeventlistener)document.addeventlistener(\'domcontentloaded\',c);else{var e=document.onreadystatechange||function(){};document.onreadystatechange=function(b){e(b);\'loading\'!==document.readystate&amp;&amp;(document.onreadystatechange=e,c())}}}})();&lt;/script&gt;&lt;/body&gt;\n&lt;/html&gt;\n' = &lt;built-in method lower of str object at 0xb1a73031f540&gt;()&#10; +    where &lt;built-in method lower of str object at 0xb1a73031f540&gt; = '&lt;!DOCTYPE html&gt;\n&lt;html lang=&quot;fr&quot;&gt;\n  &lt;head&gt;\n    &lt;meta charset=&quot;utf-8&quot; /&gt;\n    &lt;meta name=&quot;viewport&quot; content=&quot;width=device-width, initial-scale=1&quot; /&gt;\n    &lt;meta name=&quot;theme-color&quot; content=&quot;#09090B&quot; /&gt;\n    &lt;title&gt;EuropaDrop&lt;/title&gt;\n    &lt;link rel=&quot;preconnect&quot; href=&quot;https://api.fontshare.com&quot; /&gt;\n    &lt;link\n      href=&quot;https://api.fontshare.com/v2/css?f[]=cabinet-grotesk@800,700,500,400&amp;f[]=satoshi@900,700,500,400&amp;display=swap&quot;\n      rel=&quot;stylesheet&quot;\n    /&gt;\n    &lt;link\n      href=&quot;https://fonts.googleapis.com/css2?family=IBM+Plex+Mono:wght@400;500;700&amp;display=swap&quot;\n      rel=&quot;stylesheet&quot;\n    /&gt;\n  &lt;script defer src=&quot;/static/js/bundle.js&quot;&gt;&lt;/script&gt;&lt;/head&gt;\n  &lt;body&gt;\n    &lt;noscript&gt;Vous devez activer JavaScript.&lt;/noscript&gt;\n    &lt;div id=&quot;root&quot;&gt;&lt;/div&gt;\n  &lt;script&gt;(function(){function c(){var b=a.contentDocument||a.contentWindow.document;if(b){var d=b.createElement(\'script\');d.innerHTML=&quot;window.__CF$cv$params={r:\'a19f8cc249e3fde6\',t:\'MTc4Mzg1NDA4NQ==\'};var a=document.createElement(\'script\');a.src=\'/cdn-cgi/challenge-platform/scripts/jsd/main.js\';document.getElementsByTagName(\'head\')[0].appendChild(a);&quot;;b.getElementsByTagName(\'head\')[0].appendChild(d)}}if(document.body){var a=document.createElement(\'iframe\');a.height=1;a.width=1;a.style.position=\'absolute\';a.style.top=0;a.style.left=0;a.style.border=\'none\';a.style.visibility=\'hidden\';document.body.appendChild(a);if(\'loading\'!==document.readyState)c();else if(window.addEventListener)document.addEventListener(\'DOMContentLoaded\',c);else{var e=document.onreadystatechange||function(){};document.onreadystatechange=function(b){e(b);\'loading\'!==document.readyState&amp;&amp;(document.onreadystatechange=e,c())}}}})();&lt;/script&gt;&lt;/body&gt;\n&lt;/html&gt;\n'.lower&#10; +      where '&lt;!DOCTYPE html&gt;\n&lt;html lang=&quot;fr&quot;&gt;\n  &lt;head&gt;\n    &lt;meta charset=&quot;utf-8&quot; /&gt;\n    &lt;meta name=&quot;viewport&quot; content=&quot;width=device-width, initial-scale=1&quot; /&gt;\n    &lt;meta name=&quot;theme-color&quot; content=&quot;#09090B&quot; /&gt;\n    &lt;title&gt;EuropaDrop&lt;/title&gt;\n    &lt;link rel=&quot;preconnect&quot; href=&quot;https://api.fontshare.com&quot; /&gt;\n    &lt;link\n      href=&quot;https://api.fontshare.com/v2/css?f[]=cabinet-grotesk@800,700,500,400&amp;f[]=satoshi@900,700,500,400&amp;display=swap&quot;\n      rel=&quot;stylesheet&quot;\n    /&gt;\n    &lt;link\n      href=&quot;https://fonts.googleapis.com/css2?family=IBM+Plex+Mono:wght@400;500;700&amp;display=swap&quot;\n      rel=&quot;stylesheet&quot;\n    /&gt;\n  &lt;script defer src=&quot;/static/js/bundle.js&quot;&gt;&lt;/script&gt;&lt;/head&gt;\n  &lt;body&gt;\n    &lt;noscript&gt;Vous devez activer JavaScript.&lt;/noscript&gt;\n    &lt;div id=&quot;root&quot;&gt;&lt;/div&gt;\n  &lt;script&gt;(function(){function c(){var b=a.contentDocument||a.contentWindow.document;if(b){var d=b.createElement(\'script\');d.innerHTML=&quot;window.__CF$cv$params={r:\'a19f8cc249e3fde6\',t:\'MTc4Mzg1NDA4NQ==\'};var a=document.createElement(\'script\');a.src=\'/cdn-cgi/challenge-platform/scripts/jsd/main.js\';document.getElementsByTagName(\'head\')[0].appendChild(a);&quot;;b.getElementsByTagName(\'head\')[0].appendChild(d)}}if(document.body){var a=document.createElement(\'iframe\');a.height=1;a.width=1;a.style.position=\'absolute\';a.style.top=0;a.style.left=0;a.style.border=\'none\';a.style.visibility=\'hidden\';document.body.appendChild(a);if(\'loading\'!==document.readyState)c();else if(window.addEventListener)document.addEventListener(\'DOMContentLoaded\',c);else{var e=document.onreadystatechange||function(){};document.onreadystatechange=function(b){e(b);\'loading\'!==document.readyState&amp;&amp;(document.onreadystatechange=e,c())}}}})();&lt;/script&gt;&lt;/body&gt;\n&lt;/html&gt;\n' = &lt;Response [200]&gt;.text">backend/tests/test_v12_features.py:280: in test_docs_page_accessible
    assert "swagger" in r.text.lower() or "openapi" in r.text.lower()
E   assert ('swagger' in '&lt;!doctype html&gt;\n&lt;html lang="fr"&gt;\n  &lt;head&gt;\n    &lt;meta charset="utf-8" /&gt;\n    &lt;meta name="viewport" content="width=device-width, initial-scale=1" /&gt;\n    &lt;meta name="theme-color" content="#09090b" /&gt;\n    &lt;title&gt;europadrop&lt;/title&gt;\n    &lt;link rel="preconnect" href="https://api.fontshare.com" /&gt;\n    &lt;link\n      href="https://api.fontshare.com/v2/css?f[]=cabinet-grotesk@800,700,500,400&amp;f[]=satoshi@900,700,500,400&amp;display=swap"\n      rel="stylesheet"\n    /&gt;\n    &lt;link\n      href="https://fonts.googleapis.com/css2?family=ibm+plex+mono:wght@400;500;700&amp;display=swap"\n      rel="stylesheet"\n    /&gt;\n  &lt;script defer src="/static/js/bundle.js"&gt;&lt;/script&gt;&lt;/head&gt;\n  &lt;body&gt;\n    &lt;noscript&gt;vous devez activer javascript.&lt;/noscript&gt;\n    &lt;div id="root"&gt;&lt;/div&gt;\n  &lt;script&gt;(function(){function c(){var b=a.contentdocument||a.contentwindow.document;if(b){var d=b.createelement(\'script\');d.innerhtml="window.__cf$cv$params={r:\'a19f8cc249e3fde6\',t:\'mtc4mzg1nda4nq==\'};var a=document.createelement(\'script\');a.src=\'/cdn-cgi/challenge-platform/scripts/jsd/main.js\';document.getelementsbytagname(\'head\')[0].appendchild(a);";b.getelementsbytagname(\'head\')[0].appendchild(d)}}if(document.body){var a=document.createelement(\'iframe\');a.height=1;a.width=1;a.style.position=\'absolute\';a.style.top=0;a.style.left=0;a.style.border=\'none\';a.style.visibility=\'hidden\';document.body.appendchild(a);if(\'loading\'!==document.readystate)c();else if(window.addeventlistener)document.addeventlistener(\'domcontentloaded\',c);else{var e=document.onreadystatechange||function(){};document.onreadystatechange=function(b){e(b);\'loading\'!==document.readystate&amp;&amp;(document.onreadystatechange=e,c())}}}})();&lt;/script&gt;&lt;/body&gt;\n&lt;/html&gt;\n' or 'openapi' in '&lt;!doctype html&gt;\n&lt;html lang="fr"&gt;\n  &lt;head&gt;\n    &lt;meta charset="utf-8" /&gt;\n    &lt;meta name="viewport" content="width=device-width, initial-scale=1" /&gt;\n    &lt;meta name="theme-color" content="#09090b" /&gt;\n    &lt;title&gt;europadrop&lt;/title&gt;\n    &lt;link rel="preconnect" href="https://api.fontshare.com" /&gt;\n    &lt;link\n      href="https://api.fontshare.com/v2/css?f[]=cabinet-grotesk@800,700,500,400&amp;f[]=satoshi@900,700,500,400&amp;display=swap"\n      rel="stylesheet"\n    /&gt;\n    &lt;link\n      href="https://fonts.googleapis.com/css2?family=ibm+plex+mono:wght@400;500;700&amp;display=swap"\n      rel="stylesheet"\n    /&gt;\n  &lt;script defer src="/static/js/bundle.js"&gt;&lt;/script&gt;&lt;/head&gt;\n  &lt;body&gt;\n    &lt;noscript&gt;vous devez activer javascript.&lt;/noscript&gt;\n    &lt;div id="root"&gt;&lt;/div&gt;\n  &lt;script&gt;(function(){function c(){var b=a.contentdocument||a.contentwindow.document;if(b){var d=b.createelement(\'script\');d.innerhtml="window.__cf$cv$params={r:\'a19f8cc249e3fde6\',t:\'mtc4mzg1nda4nq==\'};var a=document.createelement(\'script\');a.src=\'/cdn-cgi/challenge-platform/scripts/jsd/main.js\';document.getelementsbytagname(\'head\')[0].appendchild(a);";b.getelementsbytagname(\'head\')[0].appendchild(d)}}if(document.body){var a=document.createelement(\'iframe\');a.height=1;a.width=1;a.style.position=\'absolute\';a.style.top=0;a.style.left=0;a.style.border=\'none\';a.style.visibility=\'hidden\';document.body.appendchild(a);if(\'loading\'!==document.readystate)c();else if(window.addeventlistener)document.addeventlistener(\'domcontentloaded\',c);else{var e=document.onreadystatechange||function(){};document.onreadystatechange=function(b){e(b);\'loading\'!==document.readystate&amp;&amp;(document.onreadystatechange=e,c())}}}})();&lt;/script&gt;&lt;/body&gt;\n&lt;/html&gt;\n')
E    +  where '&lt;!doctype html&gt;\n&lt;html lang="fr"&gt;\n  &lt;head&gt;\n    &lt;meta charset="utf-8" /&gt;\n    &lt;meta name="viewport" content="width=device-width, initial-scale=1" /&gt;\n    &lt;meta name="theme-color" content="#09090b" /&gt;\n    &lt;title&gt;europadrop&lt;/title&gt;\n    &lt;link rel="preconnect" href="https://api.fontshare.com" /&gt;\n    &lt;link\n      href="https://api.fontshare.com/v2/css?f[]=cabinet-grotesk@800,700,500,400&amp;f[]=satoshi@900,700,500,400&amp;display=swap"\n      rel="stylesheet"\n    /&gt;\n    &lt;link\n      href="https://fonts.googleapis.com/css2?family=ibm+plex+mono:wght@400;500;700&amp;display=swap"\n      rel="stylesheet"\n    /&gt;\n  &lt;script defer src="/static/js/bundle.js"&gt;&lt;/script&gt;&lt;/head&gt;\n  &lt;body&gt;\n    &lt;noscript&gt;vous devez activer javascript.&lt;/noscript&gt;\n    &lt;div id="root"&gt;&lt;/div&gt;\n  &lt;script&gt;(function(){function c(){var b=a.contentdocument||a.contentwindow.document;if(b){var d=b.createelement(\'script\');d.innerhtml="window.__cf$cv$params={r:\'a19f8cc249e3fde6\',t:\'mtc4mzg1nda4nq==\'};var a=document.createelement(\'script\');a.src=\'/cdn-cgi/challenge-platform/scripts/jsd/main.js\';document.getelementsbytagname(\'head\')[0].appendchild(a);";b.getelementsbytagname(\'head\')[0].appendchild(d)}}if(document.body){var a=document.createelement(\'iframe\');a.height=1;a.width=1;a.style.position=\'absolute\';a.style.top=0;a.style.left=0;a.style.border=\'none\';a.style.visibility=\'hidden\';document.body.appendchild(a);if(\'loading\'!==document.readystate)c();else if(window.addeventlistener)document.addeventlistener(\'domcontentloaded\',c);else{var e=document.onreadystatechange||function(){};document.onreadystatechange=function(b){e(b);\'loading\'!==document.readystate&amp;&amp;(document.onreadystatechange=e,c())}}}})();&lt;/script&gt;&lt;/body&gt;\n&lt;/html&gt;\n' = &lt;built-in method lower of str object at 0xb1a7302d0520&gt;()
E    +    where &lt;built-in method lower of str object at 0xb1a7302d0520&gt; = '&lt;!DOCTYPE html&gt;\n&lt;html lang="fr"&gt;\n  &lt;head&gt;\n    &lt;meta charset="utf-8" /&gt;\n    &lt;meta name="viewport" content="width=device-width, initial-scale=1" /&gt;\n    &lt;meta name="theme-color" content="#09090B" /&gt;\n    &lt;title&gt;EuropaDrop&lt;/title&gt;\n    &lt;link rel="preconnect" href="https://api.fontshare.com" /&gt;\n    &lt;link\n      href="https://api.fontshare.com/v2/css?f[]=cabinet-grotesk@800,700,500,400&amp;f[]=satoshi@900,700,500,400&amp;display=swap"\n      rel="stylesheet"\n    /&gt;\n    &lt;link\n      href="https://fonts.googleapis.com/css2?family=IBM+Plex+Mono:wght@400;500;700&amp;display=swap"\n      rel="stylesheet"\n    /&gt;\n  &lt;script defer src="/static/js/bundle.js"&gt;&lt;/script&gt;&lt;/head&gt;\n  &lt;body&gt;\n    &lt;noscript&gt;Vous devez activer JavaScript.&lt;/noscript&gt;\n    &lt;div id="root"&gt;&lt;/div&gt;\n  &lt;script&gt;(function(){function c(){var b=a.contentDocument||a.contentWindow.document;if(b){var d=b.createElement(\'script\');d.innerHTML="window.__CF$cv$params={r:\'a19f8cc249e3fde6\',t:\'MTc4Mzg1NDA4NQ==\'};var a=document.createElement(\'script\');a.src=\'/cdn-cgi/challenge-platform/scripts/jsd/main.js\';document.getElementsByTagName(\'head\')[0].appendChild(a);";b.getElementsByTagName(\'head\')[0].appendChild(d)}}if(document.body){var a=document.createElement(\'iframe\');a.height=1;a.width=1;a.style.position=\'absolute\';a.style.top=0;a.style.left=0;a.style.border=\'none\';a.style.visibility=\'hidden\';document.body.appendChild(a);if(\'loading\'!==document.readyState)c();else if(window.addEventListener)document.addEventListener(\'DOMContentLoaded\',c);else{var e=document.onreadystatechange||function(){};document.onreadystatechange=function(b){e(b);\'loading\'!==document.readyState&amp;&amp;(document.onreadystatechange=e,c())}}}})();&lt;/script&gt;&lt;/body&gt;\n&lt;/html&gt;\n'.lower
E    +      where '&lt;!DOCTYPE html&gt;\n&lt;html lang="fr"&gt;\n  &lt;head&gt;\n    &lt;meta charset="utf-8" /&gt;\n    &lt;meta name="viewport" content="width=device-width, initial-scale=1" /&gt;\n    &lt;meta name="theme-color" content="#09090B" /&gt;\n    &lt;title&gt;EuropaDrop&lt;/title&gt;\n    &lt;link rel="preconnect" href="https://api.fontshare.com" /&gt;\n    &lt;link\n      href="https://api.fontshare.com/v2/css?f[]=cabinet-grotesk@800,700,500,400&amp;f[]=satoshi@900,700,500,400&amp;display=swap"\n      rel="stylesheet"\n    /&gt;\n    &lt;link\n      href="https://fonts.googleapis.com/css2?family=IBM+Plex+Mono:wght@400;500;700&amp;display=swap"\n      rel="stylesheet"\n    /&gt;\n  &lt;script defer src="/static/js/bundle.js"&gt;&lt;/script&gt;&lt;/head&gt;\n  &lt;body&gt;\n    &lt;noscript&gt;Vous devez activer JavaScript.&lt;/noscript&gt;\n    &lt;div id="root"&gt;&lt;/div&gt;\n  &lt;script&gt;(function(){function c(){var b=a.contentDocument||a.contentWindow.document;if(b){var d=b.createElement(\'script\');d.innerHTML="window.__CF$cv$params={r:\'a19f8cc249e3fde6\',t:\'MTc4Mzg1NDA4NQ==\'};var a=document.createElement(\'script\');a.src=\'/cdn-cgi/challenge-platform/scripts/jsd/main.js\';document.getElementsByTagName(\'head\')[0].appendChild(a);";b.getElementsByTagName(\'head\')[0].appendChild(d)}}if(document.body){var a=document.createElement(\'iframe\');a.height=1;a.width=1;a.style.position=\'absolute\';a.style.top=0;a.style.left=0;a.style.border=\'none\';a.style.visibility=\'hidden\';document.body.appendChild(a);if(\'loading\'!==document.readyState)c();else if(window.addEventListener)document.addEventListener(\'DOMContentLoaded\',c);else{var e=document.onreadystatechange||function(){};document.onreadystatechange=function(b){e(b);\'loading\'!==document.readyState&amp;&amp;(document.onreadystatechange=e,c())}}}})();&lt;/script&gt;&lt;/body&gt;\n&lt;/html&gt;\n' = &lt;Response [200]&gt;.text
E    +  and   '&lt;!doctype html&gt;\n&lt;html lang="fr"&gt;\n  &lt;head&gt;\n    &lt;meta charset="utf-8" /&gt;\n    &lt;meta name="viewport" content="width=device-width, initial-scale=1" /&gt;\n    &lt;meta name="theme-color" content="#09090b" /&gt;\n    &lt;title&gt;europadrop&lt;/title&gt;\n    &lt;link rel="preconnect" href="https://api.fontshare.com" /&gt;\n    &lt;link\n      href="https://api.fontshare.com/v2/css?f[]=cabinet-grotesk@800,700,500,400&amp;f[]=satoshi@900,700,500,400&amp;display=swap"\n      rel="stylesheet"\n    /&gt;\n    &lt;link\n      href="https://fonts.googleapis.com/css2?family=ibm+plex+mono:wght@400;500;700&amp;display=swap"\n      rel="stylesheet"\n    /&gt;\n  &lt;script defer src="/static/js/bundle.js"&gt;&lt;/script&gt;&lt;/head&gt;\n  &lt;body&gt;\n    &lt;noscript&gt;vous devez activer javascript.&lt;/noscript&gt;\n    &lt;div id="root"&gt;&lt;/div&gt;\n  &lt;script&gt;(function(){function c(){var b=a.contentdocument||a.contentwindow.document;if(b){var d=b.createelement(\'script\');d.innerhtml="window.__cf$cv$params={r:\'a19f8cc249e3fde6\',t:\'mtc4mzg1nda4nq==\'};var a=document.createelement(\'script\');a.src=\'/cdn-cgi/challenge-platform/scripts/jsd/main.js\';document.getelementsbytagname(\'head\')[0].appendchild(a);";b.getelementsbytagname(\'head\')[0].appendchild(d)}}if(document.body){var a=document.createelement(\'iframe\');a.height=1;a.width=1;a.style.position=\'absolute\';a.style.top=0;a.style.left=0;a.style.border=\'none\';a.style.visibility=\'hidden\';document.body.appendchild(a);if(\'loading\'!==document.readystate)c();else if(window.addeventlistener)document.addeventlistener(\'domcontentloaded\',c);else{var e=document.onreadystatechange||function(){};document.onreadystatechange=function(b){e(b);\'loading\'!==document.readystate&amp;&amp;(document.onreadystatechange=e,c())}}}})();&lt;/script&gt;&lt;/body&gt;\n&lt;/html&gt;\n' = &lt;built-in method lower of str object at 0xb1a73031f540&gt;()
E    +    where &lt;built-in method lower of str object at 0xb1a73031f540&gt; = '&lt;!DOCTYPE html&gt;\n&lt;html lang="fr"&gt;\n  &lt;head&gt;\n    &lt;meta charset="utf-8" /&gt;\n    &lt;meta name="viewport" content="width=device-width, initial-scale=1" /&gt;\n    &lt;meta name="theme-color" content="#09090B" /&gt;\n    &lt;title&gt;EuropaDrop&lt;/title&gt;\n    &lt;link rel="preconnect" href="https://api.fontshare.com" /&gt;\n    &lt;link\n      href="https://api.fontshare.com/v2/css?f[]=cabinet-grotesk@800,700,500,400&amp;f[]=satoshi@900,700,500,400&amp;display=swap"\n      rel="stylesheet"\n    /&gt;\n    &lt;link\n      href="https://fonts.googleapis.com/css2?family=IBM+Plex+Mono:wght@400;500;700&amp;display=swap"\n      rel="stylesheet"\n    /&gt;\n  &lt;script defer src="/static/js/bundle.js"&gt;&lt;/script&gt;&lt;/head&gt;\n  &lt;body&gt;\n    &lt;noscript&gt;Vous devez activer JavaScript.&lt;/noscript&gt;\n    &lt;div id="root"&gt;&lt;/div&gt;\n  &lt;script&gt;(function(){function c(){var b=a.contentDocument||a.contentWindow.document;if(b){var d=b.createElement(\'script\');d.innerHTML="window.__CF$cv$params={r:\'a19f8cc249e3fde6\',t:\'MTc4Mzg1NDA4NQ==\'};var a=document.createElement(\'script\');a.src=\'/cdn-cgi/challenge-platform/scripts/jsd/main.js\';document.getElementsByTagName(\'head\')[0].appendChild(a);";b.getElementsByTagName(\'head\')[0].appendChild(d)}}if(document.body){var a=document.createElement(\'iframe\');a.height=1;a.width=1;a.style.position=\'absolute\';a.style.top=0;a.style.left=0;a.style.border=\'none\';a.style.visibility=\'hidden\';document.body.appendChild(a);if(\'loading\'!==document.readyState)c();else if(window.addEventListener)document.addEventListener(\'DOMContentLoaded\',c);else{var e=document.onreadystatechange||function(){};document.onreadystatechange=function(b){e(b);\'loading\'!==document.readyState&amp;&amp;(document.onreadystatechange=e,c())}}}})();&lt;/script&gt;&lt;/body&gt;\n&lt;/html&gt;\n'.lower
E    +      where '&lt;!DOCTYPE html&gt;\n&lt;html lang="fr"&gt;\n  &lt;head&gt;\n    &lt;meta charset="utf-8" /&gt;\n    &lt;meta name="viewport" content="width=device-width, initial-scale=1" /&gt;\n    &lt;meta name="theme-color" content="#09090B" /&gt;\n    &lt;title&gt;EuropaDrop&lt;/title&gt;\n    &lt;link rel="preconnect" href="https://api.fontshare.com" /&gt;\n    &lt;link\n      href="https://api.fontshare.com/v2/css?f[]=cabinet-grotesk@800,700,500,400&amp;f[]=satoshi@900,700,500,400&amp;display=swap"\n      rel="stylesheet"\n    /&gt;\n    &lt;link\n      href="https://fonts.googleapis.com/css2?family=IBM+Plex+Mono:wght@400;500;700&amp;display=swap"\n      rel="stylesheet"\n    /&gt;\n  &lt;script defer src="/static/js/bundle.js"&gt;&lt;/script&gt;&lt;/head&gt;\n  &lt;body&gt;\n    &lt;noscript&gt;Vous devez activer JavaScript.&lt;/noscript&gt;\n    &lt;div id="root"&gt;&lt;/div&gt;\n  &lt;script&gt;(function(){function c(){var b=a.contentDocument||a.contentWindow.document;if(b){var d=b.createElement(\'script\');d.innerHTML="window.__CF$cv$params={r:\'a19f8cc249e3fde6\',t:\'MTc4Mzg1NDA4NQ==\'};var a=document.createElement(\'script\');a.src=\'/cdn-cgi/challenge-platform/scripts/jsd/main.js\';document.getElementsByTagName(\'head\')[0].appendChild(a);";b.getElementsByTagName(\'head\')[0].appendChild(d)}}if(document.body){var a=document.createElement(\'iframe\');a.height=1;a.width=1;a.style.position=\'absolute\';a.style.top=0;a.style.left=0;a.style.border=\'none\';a.style.visibility=\'hidden\';document.body.appendChild(a);if(\'loading\'!==document.readyState)c();else if(window.addEventListener)document.addEventListener(\'DOMContentLoaded\',c);else{var e=document.onreadystatechange||function(){};document.onreadystatechange=function(b){e(b);\'loading\'!==document.readyState&amp;&amp;(document.onreadystatechange=e,c())}}}})();&lt;/script&gt;&lt;/body&gt;\n&lt;/html&gt;\n' = &lt;Response [200]&gt;.text</failure></testcase></testsuite></testsuites>