<?xml version="1.0" encoding="utf-8"?><testsuites name="pytest tests"><testsuite name="pytest" errors="0" failures="0" skipped="0" tests="25" time="3.769" timestamp="2026-07-12T10:06:13.629989+00:00" hostname="agent-env-4916847c-9ba6-4e35-b640-815ca72d3104"><testcase classname="backend.tests.backend_test.TestHealth" name="test_health_ok" time="0.558" /><testcase classname="backend.tests.backend_test.TestAuth" name="test_login_success" time="0.359" /><testcase classname="backend.tests.backend_test.TestAuth" name="test_login_wrong_password" time="0.335" /><testcase classname="backend.tests.backend_test.TestAuth" name="test_me" time="0.333" /><testcase classname="backend.tests.backend_test.TestAuth" name="test_me_no_token" time="0.086" /><testcase classname="backend.tests.backend_test.TestSuppliers" name="test_list" time="0.040" /><testcase classname="backend.tests.backend_test.TestSuppliers" name="test_crud" time="0.172" /><testcase classname="backend.tests.backend_test.TestProducts" name="test_list_products" time="0.046" /><testcase classname="backend.tests.backend_test.TestProducts" name="test_filter_by_category" time="0.036" /><testcase classname="backend.tests.backend_test.TestProducts" name="test_search_q" time="0.035" /><testcase classname="backend.tests.backend_test.TestProducts" name="test_get_product_detail_with_suppliers" time="0.076" /><testcase classname="backend.tests.backend_test.TestSupplierProducts" name="test_list" time="0.050" /><testcase classname="backend.tests.backend_test.TestSupplierProducts" name="test_best_supplier_strategies" time="0.155" /><testcase classname="backend.tests.backend_test.TestPricingRules" name="test_list_and_default" time="0.044" /><testcase classname="backend.tests.backend_test.TestPricingRules" name="test_crud_and_apply_all" time="0.147" /><testcase classname="backend.tests.backend_test.TestCatalogImport" name="test_preview_and_import" time="0.310" /><testcase classname="backend.tests.backend_test.TestOrders" name="test_list" time="0.029" /><testcase classname="backend.tests.backend_test.TestOrders" name="test_filter_status" time="0.027" /><testcase classname="backend.tests.backend_test.TestOrders" name="test_bulk_fulfill_and_tracking" time="0.170" /><testcase classname="backend.tests.backend_test.TestWooCommerce" name="test_status" time="0.355" /><testcase classname="backend.tests.backend_test.TestWooCommerce" name="test_sync_product" time="0.154" /><testcase classname="backend.tests.backend_test.TestNotifications" name="test_list" time="0.033" /><testcase classname="backend.tests.backend_test.TestNotifications" name="test_mark_read_and_all" time="0.090" /><testcase classname="backend.tests.backend_test.TestDashboard" name="test_overview" time="0.033" /><testcase classname="backend.tests.backend_test.TestDashboard" name="test_supplier_performance" time="0.033" /></testsuite></testsuites>